# Info: [9566]: Logging project transcript to file /tp/xph3app/xph3app605/Prj_Sys/Simon_Base_64_128/SYNT_PRE_2014/synth_new_version_impl_1/precision.log
# Info: [9566]: Logging suppressed messages transcript to file /tp/xph3app/xph3app605/Prj_Sys/Simon_Base_64_128/SYNT_PRE_2014/synth_new_version_impl_1/precision.log.suppressed
# Info: [9550]: Activated implementation synth_new_version_impl_1 in project /tp/xph3app/xph3app605/Prj_Sys/Simon_Base_64_128/SYNT_PRE_2014/synth_new_version.psp.
new_project -name synth_new_version -folder /tp/xph3app/xph3app605/Prj_Sys/Simon_Base_64_128/SYNT_PRE_2014 -createimpl_name synth_new_version_impl_1
# COMMAND: setup_design -manufacturer Xilinx -family SPARTAN3 -part 3s200ft256 -speed -5
# Info: [15297]: Setting up the design to use synthesis library "xis3.syn"
# Info: [573]: The global max fanout is currently set to 10000 for Xilinx - SPARTAN3.
# Info: [15323]: Setting Part to: "3s200ft256".
# Info: [15324]: Setting Process to: "5".
# Info: [7512]: The place and route tool for current technology is ISE.
setup_design -manufacturer Xilinx -family SPARTAN3 -part 3s200ft256 -speed -5
# COMMAND: setup_design -frequency 50 -max_fanout=10000
# Info: [573]: The global max fanout is currently set to 10000 for Xilinx - SPARTAN3.
setup_design -frequency 50 -max_fanout=10000
# COMMAND: add_input_file {../vhd/Top.vhd ../vhd/round.vhd ../vhd/counter.vhd ../vhd/const.vhd}
add_input_file {../vhd/Top.vhd ../vhd/round.vhd ../vhd/counter.vhd ../vhd/const.vhd}
# COMMAND: move_input_file -from {0} -to 3
move_input_file -from {0} -to 3
# COMMAND: move_input_file -from {0} -to 2
move_input_file -from {0} -to 2
# COMMAND: move_input_file -from {0} -to 1
move_input_file -from {0} -to 1
# COMMAND: setup_design -encoding=onehot
setup_design -encoding=onehot
# COMMAND: setup_design -basename=Simon -vhdl=true -vendor_constraint_file=false
setup_design -basename=Simon -vhdl=true -vendor_constraint_file=false
# COMMAND: compile
# Info: [3022]: Reading file: /softslin/precision2014a_64b/Mgc_home/pkgs/psr/techlibs/xis3.syn.
# Info: [631]: Loading library initialization file /softslin/precision2014a_64b/Mgc_home/pkgs/psr/userware/xilinx_rename.tcl
# Info: XILINX
# Info: [40000]: vhdlorder, Release 2014a.1
# Info: [40000]: Files sorted successfully.
# Info: [40000]: hdl-analyze, Release RTLC-Precision 2014a.1
# Info: [42502]: Analyzing input file "/softl2/XILINX/ise_edk_147i/14.7/ISE_DS/ISE/vhdl/src/unisims/unisim_VCOMP.vhd" ...
# Info: [42502]: Analyzing input file "/tp/xph3app/xph3app605/Prj_Sys/Simon_Base_64_128/SYNT_PRE_2014/../vhd/const.vhd" ...
# Info: [42502]: Analyzing input file "/tp/xph3app/xph3app605/Prj_Sys/Simon_Base_64_128/SYNT_PRE_2014/../vhd/counter.vhd" ...
# Info: [42502]: Analyzing input file "/tp/xph3app/xph3app605/Prj_Sys/Simon_Base_64_128/SYNT_PRE_2014/../vhd/round.vhd" ...
# Info: [42502]: Analyzing input file "/tp/xph3app/xph3app605/Prj_Sys/Simon_Base_64_128/SYNT_PRE_2014/../vhd/Top.vhd" ...
# Info: [656]: Top module of the design is set to: top.
# Info: [654]: Current working directory: /tp/xph3app/xph3app605/Prj_Sys/Simon_Base_64_128/SYNT_PRE_2014/synth_new_version_impl_1.
# Info: [40000]: RTLC-Driver, Release RTLC-Precision 2014a.1
# Info: [40000]: Last compiled on Feb 21 2014 20:01:23
# Info: [44512]: Initializing...
# Info: [44504]: Partitioning design ....
# Info: [40000]: RTLCompiler, Release RTLC-Precision 2014a.1
# Info: [40000]: Last compiled on Feb 21 2014 08:49:08
# Info: [44512]: Initializing...
# Info: [44522]: Root Module work.top(rtl_top): Pre-processing...
# Info: [44506]: Module work.round(rtl_round): Pre-processing...
# Info: [44506]: Module work.counter(rtl_counter): Pre-processing...
# Info: [44508]: Module work.round(rtl_round): Compiling...
# Warning: [45784]: "/tp/xph3app/xph3app605/Prj_Sys/Simon_Base_64_128/SYNT_PRE_2014/../vhd/round.vhd", line 44: Module work.round(rtl_round), Net(s) key_i[127:0], data_in[63:0]: Although this signal is not part of the sensitivity list of this block, it is being read. This may lead to simulation mismatch.
# Info: [44508]: Module work.counter(rtl_counter): Compiling...
# Info: [44838]: "/tp/xph3app/xph3app605/Prj_Sys/Simon_Base_64_128/SYNT_PRE_2014/../vhd/counter.vhd", line 43: Macro Selcounter "selcounter_6_6_6_0_1_flatten" inferred for node "n_val".
# Info: [44523]: Root Module work.top(rtl_top): Compiling...
# Info: [45205]: "/tp/xph3app/xph3app605/Prj_Sys/Simon_Base_64_128/SYNT_PRE_2014/../vhd/counter.vhd", line 29: Module work.counter(rtl_counter), Net(s) n_val[5:0]: Latch inferred.
# Info: [44842]: Compilation successfully completed.
# Info: [44841]: Counter Inferencing === Detected : 1, Inferred (Modgen/Selcounter/AddSub) : 1 (0 / 1 / 0), AcrossDH (Merged/Not-Merged) : (0 / 1), Not-Inferred (Acrossdh/Attempted) : (0 / 0), Local Vars : 0 ===
# Info: [44856]: Total lines of RTL compiled: 187.
# Info: [44835]: Total CPU time for compilation: 0.0 secs.
# Info: [44513]: Overall running time for compilation: 5.0 secs.
# Info: [654]: Current working directory: /tp/xph3app/xph3app605/Prj_Sys/Simon_Base_64_128/SYNT_PRE_2014/synth_new_version_impl_1.
# Info: [15329]: Doing rtl optimizations.
# Info: [9029]: "/tp/xph3app/xph3app605/Prj_Sys/Simon_Base_64_128/SYNT_PRE_2014/../vhd/counter.vhd", line 43: : Inferred selective counter Instance 'instance:counter_map.ix16' of type 'cell:selcounter_6_6_6_0_1_up'
# Info: [657]: Finished compiling design.
compile
# COMMAND: synthesize
# Info: [654]: Current working directory: /tp/xph3app/xph3app605/Prj_Sys/Simon_Base_64_128/SYNT_PRE_2014/synth_new_version_impl_1.
# Info: [4556]: 1 Instances are flattened in hierarchical block .work.top.rtl_top.
# Info: [15002]: Optimizing design view:.work.round.rtl_round
# Info: [15002]: Optimizing design view:.work.top.rtl_top
# Info: [12035]: -- Running timing characterization...
# Info: [8045]: Added global buffer BUFGP for Port port:clk
# Info: ***********************************************
# Info: Device Utilization for 3S200ft256
# Info: ***************************************************************
# Info: Resource                          Used    Avail   Utilization
# Info: ---------------------------------------------------------------
# Info: IOs                               260     173     150.29%
# Info: Global Buffers                    1       8        12.50%
# Info: LUTs                              723     3840     18.83%
# Info: CLB Slices                        362     1920     18.85%
# Info: Dffs or Latches                   204     4359      4.68%
# Info: Block RAMs                        0       12        0.00%
# Info: Block Multipliers                 0       12        0.00%
# Info: Block Multiplier Dffs             0       432       0.00%
# Info: ---------------------------------------------------------------
# Warning: This design does not fit in the device specified!
# Info: Recommending to try an alternate device 3S400fg456
# Info: ***********************************************
# Info: [12045]: Starting timing reports generation...
# Info: [12046]: Timing reports generation done.
# Info: [12047]: POST-SYNTHESIS TIMING REPORTS ARE ESTIMATES AND SHOULD NOT BE RELIED ON TO MAKE QoR DECISIONS. For accurate timing information, please run place-and-route (P&R) and review P&R generated timing reports.
# Info: [3027]: Writing file: /tp/xph3app/xph3app605/Prj_Sys/Simon_Base_64_128/SYNT_PRE_2014/synth_new_version_impl_1/Simon.edf.
# Info: [3027]: Writing file: /tp/xph3app/xph3app605/Prj_Sys/Simon_Base_64_128/SYNT_PRE_2014/synth_new_version_impl_1/Simon.vhd.
# Info: [657]: Finished synthesizing design.
# Info: [11019]: Total CPU time for synthesis: 5.3 s secs.
# Info: [11020]: Overall running time for synthesis: 6.2 s secs.
synthesize
# COMMAND: remove_input_file {/tp/xph3app/xph3app605/Prj_Sys/Simon_Base_64_128/vhd/round.vhd}
remove_input_file {/tp/xph3app/xph3app605/Prj_Sys/Simon_Base_64_128/vhd/round.vhd}
# COMMAND: remove_input_file {/tp/xph3app/xph3app605/Prj_Sys/Simon_Base_64_128/vhd/counter.vhd}
remove_input_file {/tp/xph3app/xph3app605/Prj_Sys/Simon_Base_64_128/vhd/counter.vhd}
# COMMAND: remove_input_file {/tp/xph3app/xph3app605/Prj_Sys/Simon_Base_64_128/vhd/const.vhd}
remove_input_file {/tp/xph3app/xph3app605/Prj_Sys/Simon_Base_64_128/vhd/const.vhd}
# COMMAND: remove_input_file {/tp/xph3app/xph3app605/Prj_Sys/Simon_Base_64_128/vhd/Top.vhd}
remove_input_file {/tp/xph3app/xph3app605/Prj_Sys/Simon_Base_64_128/vhd/Top.vhd}
# COMMAND: add_input_file {../vhd/Top.vhd ../vhd/const.vhd ../vhd/counter.vhd ../vhd/round.vhd}
add_input_file {../vhd/Top.vhd ../vhd/const.vhd ../vhd/counter.vhd ../vhd/round.vhd}
# COMMAND: setup_design -vhdl=true
setup_design -vhdl=true
# COMMAND: compile
# Info: [631]: Loading library initialization file /softslin/precision2014a_64b/Mgc_home/pkgs/psr/userware/xilinx_rename.tcl
# Info: XILINX
# Info: [40000]: vhdlorder, Release 2014a.1
# Info: [40000]: Files sorted successfully.
# Info: [40000]: hdl-analyze, Release RTLC-Precision 2014a.1
# Info: [42502]: Analyzing input file "/softl2/XILINX/ise_edk_147i/14.7/ISE_DS/ISE/vhdl/src/unisims/unisim_VCOMP.vhd" ...
# Info: [42502]: Analyzing input file "/tp/xph3app/xph3app605/Prj_Sys/Simon_Base_64_128/SYNT_PRE_2014/../vhd/const.vhd" ...
# Info: [42502]: Analyzing input file "/tp/xph3app/xph3app605/Prj_Sys/Simon_Base_64_128/SYNT_PRE_2014/../vhd/Top.vhd" ...
# Warning: [43092]: "/tp/xph3app/xph3app605/Prj_Sys/Simon_Base_64_128/SYNT_PRE_2014/../vhd/Top.vhd", line 7: round does not denote a library or package.
# Warning: [43092]: "/tp/xph3app/xph3app605/Prj_Sys/Simon_Base_64_128/SYNT_PRE_2014/../vhd/Top.vhd", line 8: counter does not denote a library or package.
# Info: [42502]: Analyzing input file "/tp/xph3app/xph3app605/Prj_Sys/Simon_Base_64_128/SYNT_PRE_2014/../vhd/counter.vhd" ...
# Info: [42502]: Analyzing input file "/tp/xph3app/xph3app605/Prj_Sys/Simon_Base_64_128/SYNT_PRE_2014/../vhd/round.vhd" ...
# Info: [656]: Top module of the design is set to: top.
# Info: [654]: Current working directory: /tp/xph3app/xph3app605/Prj_Sys/Simon_Base_64_128/SYNT_PRE_2014/synth_new_version_impl_1.
# Info: [40000]: RTLC-Driver, Release RTLC-Precision 2014a.1
# Info: [40000]: Last compiled on Feb 21 2014 20:01:23
# Info: [44512]: Initializing...
# Info: [44504]: Partitioning design ....
# Info: [40000]: RTLCompiler, Release RTLC-Precision 2014a.1
# Info: [40000]: Last compiled on Feb 21 2014 08:49:08
# Info: [44512]: Initializing...
# Info: [44522]: Root Module work.top(rtl_top): Pre-processing...
# Info: [44506]: Module work.round(rtl_round): Pre-processing...
# Info: [44506]: Module work.counter(rtl_counter): Pre-processing...
# Info: [44508]: Module work.round(rtl_round): Compiling...
# Warning: [45784]: "/tp/xph3app/xph3app605/Prj_Sys/Simon_Base_64_128/SYNT_PRE_2014/../vhd/round.vhd", line 44: Module work.round(rtl_round), Net(s) key_i[127:0], data_in[63:0]: Although this signal is not part of the sensitivity list of this block, it is being read. This may lead to simulation mismatch.
# Info: [44508]: Module work.counter(rtl_counter): Compiling...
# Info: [44838]: "/tp/xph3app/xph3app605/Prj_Sys/Simon_Base_64_128/SYNT_PRE_2014/../vhd/counter.vhd", line 36: Macro Modgen_Counter "counter_up_sclear_aclear_clock_cnt_en_0_6" inferred for node "val".
# Info: [44523]: Root Module work.top(rtl_top): Compiling...
# Info: [44842]: Compilation successfully completed.
# Info: [44841]: Counter Inferencing === Detected : 1, Inferred (Modgen/Selcounter/AddSub) : 1 (1 / 0 / 0), AcrossDH (Merged/Not-Merged) : (0 / 0), Not-Inferred (Acrossdh/Attempted) : (0 / 0), Local Vars : 0 ===
# Info: [44856]: Total lines of RTL compiled: 183.
# Info: [44835]: Total CPU time for compilation: 0.0 secs.
# Info: [44513]: Overall running time for compilation: 1.0 secs.
# Info: [654]: Current working directory: /tp/xph3app/xph3app605/Prj_Sys/Simon_Base_64_128/SYNT_PRE_2014/synth_new_version_impl_1.
# Info: [15329]: Doing rtl optimizations.
# Info: [657]: Finished compiling design.
compile
# COMMAND: move_input_file -from {2} -to 5
move_input_file -from {2} -to 5
# COMMAND: compile
# Info: [631]: Loading library initialization file /softslin/precision2014a_64b/Mgc_home/pkgs/psr/userware/xilinx_rename.tcl
# Info: XILINX
# Info: [40000]: vhdlorder, Release 2014a.1
# Info: [40000]: Files sorted successfully.
# Info: [40000]: hdl-analyze, Release RTLC-Precision 2014a.1
# Info: [42502]: Analyzing input file "/softl2/XILINX/ise_edk_147i/14.7/ISE_DS/ISE/vhdl/src/unisims/unisim_VCOMP.vhd" ...
# Info: [42502]: Analyzing input file "/tp/xph3app/xph3app605/Prj_Sys/Simon_Base_64_128/SYNT_PRE_2014/../vhd/const.vhd" ...
# Info: [42502]: Analyzing input file "/tp/xph3app/xph3app605/Prj_Sys/Simon_Base_64_128/SYNT_PRE_2014/../vhd/counter.vhd" ...
# Info: [42502]: Analyzing input file "/tp/xph3app/xph3app605/Prj_Sys/Simon_Base_64_128/SYNT_PRE_2014/../vhd/round.vhd" ...
# Info: [42502]: Analyzing input file "/tp/xph3app/xph3app605/Prj_Sys/Simon_Base_64_128/SYNT_PRE_2014/../vhd/Top.vhd" ...
# Info: [656]: Top module of the design is set to: top.
# Info: [654]: Current working directory: /tp/xph3app/xph3app605/Prj_Sys/Simon_Base_64_128/SYNT_PRE_2014/synth_new_version_impl_1.
# Info: [40000]: RTLC-Driver, Release RTLC-Precision 2014a.1
# Info: [40000]: Last compiled on Feb 21 2014 20:01:23
# Info: [44512]: Initializing...
# Info: [44504]: Partitioning design ....
# Info: [40000]: RTLCompiler, Release RTLC-Precision 2014a.1
# Info: [40000]: Last compiled on Feb 21 2014 08:49:08
# Info: [44512]: Initializing...
# Info: [44522]: Root Module work.top(rtl_top): Pre-processing...
# Info: [44506]: Module work.round(rtl_round): Pre-processing...
# Info: [44506]: Module work.counter(rtl_counter): Pre-processing...
# Info: [44508]: Module work.round(rtl_round): Compiling...
# Warning: [45784]: "/tp/xph3app/xph3app605/Prj_Sys/Simon_Base_64_128/SYNT_PRE_2014/../vhd/round.vhd", line 44: Module work.round(rtl_round), Net(s) key_i[127:0], data_in[63:0]: Although this signal is not part of the sensitivity list of this block, it is being read. This may lead to simulation mismatch.
# Info: [44508]: Module work.counter(rtl_counter): Compiling...
# Info: [44838]: "/tp/xph3app/xph3app605/Prj_Sys/Simon_Base_64_128/SYNT_PRE_2014/../vhd/counter.vhd", line 36: Macro Modgen_Counter "counter_up_sclear_aclear_clock_cnt_en_0_6" inferred for node "val".
# Info: [44523]: Root Module work.top(rtl_top): Compiling...
# Info: [44842]: Compilation successfully completed.
# Info: [44841]: Counter Inferencing === Detected : 1, Inferred (Modgen/Selcounter/AddSub) : 1 (1 / 0 / 0), AcrossDH (Merged/Not-Merged) : (0 / 0), Not-Inferred (Acrossdh/Attempted) : (0 / 0), Local Vars : 0 ===
# Info: [44856]: Total lines of RTL compiled: 183.
# Info: [44835]: Total CPU time for compilation: 0.0 secs.
# Info: [44513]: Overall running time for compilation: 1.0 secs.
# Info: [654]: Current working directory: /tp/xph3app/xph3app605/Prj_Sys/Simon_Base_64_128/SYNT_PRE_2014/synth_new_version_impl_1.
# Info: [15329]: Doing rtl optimizations.
# Info: [657]: Finished compiling design.
compile
# COMMAND: synthesize
# Info: [654]: Current working directory: /tp/xph3app/xph3app605/Prj_Sys/Simon_Base_64_128/SYNT_PRE_2014/synth_new_version_impl_1.
# Info: [4556]: 1 Instances are flattened in hierarchical block .work.top.rtl_top.
# Info: [15002]: Optimizing design view:.work.round.rtl_round
# Info: [15002]: Optimizing design view:.work.top.rtl_top
# Info: [12035]: -- Running timing characterization...
# Info: [8045]: Added global buffer BUFGP for Port port:clk
# Info: ***********************************************
# Info: Device Utilization for 3S200ft256
# Info: ***************************************************************
# Info: Resource                          Used    Avail   Utilization
# Info: ---------------------------------------------------------------
# Info: IOs                               260     173     150.29%
# Info: Global Buffers                    1       8        12.50%
# Info: LUTs                              723     3840     18.83%
# Info: CLB Slices                        362     1920     18.85%
# Info: Dffs or Latches                   199     4359      4.57%
# Info: Block RAMs                        0       12        0.00%
# Info: Block Multipliers                 0       12        0.00%
# Info: Block Multiplier Dffs             0       432       0.00%
# Info: ---------------------------------------------------------------
# Warning: This design does not fit in the device specified!
# Info: Recommending to try an alternate device 3S400fg456
# Info: ***********************************************
# Info: [12045]: Starting timing reports generation...
# Info: [12046]: Timing reports generation done.
# Info: [12047]: POST-SYNTHESIS TIMING REPORTS ARE ESTIMATES AND SHOULD NOT BE RELIED ON TO MAKE QoR DECISIONS. For accurate timing information, please run place-and-route (P&R) and review P&R generated timing reports.
# Info: [3027]: Writing file: /tp/xph3app/xph3app605/Prj_Sys/Simon_Base_64_128/SYNT_PRE_2014/synth_new_version_impl_1/Simon.edf.
# Info: [3027]: Writing file: /tp/xph3app/xph3app605/Prj_Sys/Simon_Base_64_128/SYNT_PRE_2014/synth_new_version_impl_1/Simon.vhd.
# Info: [657]: Finished synthesizing design.
# Info: [11019]: Total CPU time for synthesis: 5.1 s secs.
# Info: [11020]: Overall running time for synthesis: 5.6 s secs.
synthesize
# COMMAND: remove_input_file {/tp/xph3app/xph3app605/Prj_Sys/Simon_Base_64_128/vhd/Top.vhd /tp/xph3app/xph3app605/Prj_Sys/Simon_Base_64_128/vhd/const.vhd /tp/xph3app/xph3app605/Prj_Sys/Simon_Base_64_128/vhd/counter.vhd /tp/xph3app/xph3app605/Prj_Sys/Simon_Base_64_128/vhd/round.vhd}
remove_input_file {/tp/xph3app/xph3app605/Prj_Sys/Simon_Base_64_128/vhd/Top.vhd /tp/xph3app/xph3app605/Prj_Sys/Simon_Base_64_128/vhd/const.vhd /tp/xph3app/xph3app605/Prj_Sys/Simon_Base_64_128/vhd/counter.vhd /tp/xph3app/xph3app605/Prj_Sys/Simon_Base_64_128/vhd/round.vhd}
# COMMAND: add_input_file {../vhd/round.vhd ../vhd/counter.vhd ../vhd/const.vhd ../vhd/Top.vhd}
add_input_file {../vhd/round.vhd ../vhd/counter.vhd ../vhd/const.vhd ../vhd/Top.vhd}
# COMMAND: move_input_file -from {4} -to 3
move_input_file -from {4} -to 3
# COMMAND: move_input_file -from {3} -to 4
move_input_file -from {3} -to 4
# COMMAND: move_input_file -from {3} -to 4
move_input_file -from {3} -to 4
# COMMAND: move_input_file_to_top -from {4}
move_input_file_to_top -from {4}
# COMMAND: move_input_file -from {4} -to 5
move_input_file -from {4} -to 5
# COMMAND: move_input_file -from {4} -to 5
move_input_file -from {4} -to 5
# COMMAND: move_input_file -from {3} -to 4
move_input_file -from {3} -to 4
# COMMAND: compile
# Info: [631]: Loading library initialization file /softslin/precision2014a_64b/Mgc_home/pkgs/psr/userware/xilinx_rename.tcl
# Info: XILINX
# Info: [40000]: vhdlorder, Release 2014a.1
# Info: [40000]: Files sorted successfully.
# Info: [40000]: hdl-analyze, Release RTLC-Precision 2014a.1
# Info: [42502]: Analyzing input file "/softl2/XILINX/ise_edk_147i/14.7/ISE_DS/ISE/vhdl/src/unisims/unisim_VCOMP.vhd" ...
# Info: [42502]: Analyzing input file "/tp/xph3app/xph3app605/Prj_Sys/Simon_Base_64_128/SYNT_PRE_2014/../vhd/const.vhd" ...
# Info: [42502]: Analyzing input file "/tp/xph3app/xph3app605/Prj_Sys/Simon_Base_64_128/SYNT_PRE_2014/../vhd/counter.vhd" ...
# Info: [42502]: Analyzing input file "/tp/xph3app/xph3app605/Prj_Sys/Simon_Base_64_128/SYNT_PRE_2014/../vhd/round.vhd" ...
# Info: [42502]: Analyzing input file "/tp/xph3app/xph3app605/Prj_Sys/Simon_Base_64_128/SYNT_PRE_2014/../vhd/Top.vhd" ...
# Info: [656]: Top module of the design is set to: top.
# Info: [654]: Current working directory: /tp/xph3app/xph3app605/Prj_Sys/Simon_Base_64_128/SYNT_PRE_2014/synth_new_version_impl_1.
# Info: [40000]: RTLC-Driver, Release RTLC-Precision 2014a.1
# Info: [40000]: Last compiled on Feb 21 2014 20:01:23
# Info: [44512]: Initializing...
# Info: [44504]: Partitioning design ....
# Info: [40000]: RTLCompiler, Release RTLC-Precision 2014a.1
# Info: [40000]: Last compiled on Feb 21 2014 08:49:08
# Info: [44512]: Initializing...
# Info: [44522]: Root Module work.top(rtl_top): Pre-processing...
# Info: [44506]: Module work.round(rtl_round): Pre-processing...
# Info: [44506]: Module work.counter(rtl_counter): Pre-processing...
# Info: [44508]: Module work.round(rtl_round): Compiling...
# Warning: [45784]: "/tp/xph3app/xph3app605/Prj_Sys/Simon_Base_64_128/SYNT_PRE_2014/../vhd/round.vhd", line 44: Module work.round(rtl_round), Net(s) key_i[127:0], data_in[63:0]: Although this signal is not part of the sensitivity list of this block, it is being read. This may lead to simulation mismatch.
# Info: [44508]: Module work.counter(rtl_counter): Compiling...
# Info: [44838]: "/tp/xph3app/xph3app605/Prj_Sys/Simon_Base_64_128/SYNT_PRE_2014/../vhd/counter.vhd", line 43: Macro Modgen_Counter "counter_up_sclear_aclear_clock_cnt_en_0_6" inferred for node "n_val".
# Info: [44523]: Root Module work.top(rtl_top): Compiling...
# Info: [44842]: Compilation successfully completed.
# Info: [44841]: Counter Inferencing === Detected : 1, Inferred (Modgen/Selcounter/AddSub) : 1 (1 / 0 / 0), AcrossDH (Merged/Not-Merged) : (1 / 0), Not-Inferred (Acrossdh/Attempted) : (0 / 0), Local Vars : 0 ===
# Info: [44856]: Total lines of RTL compiled: 190.
# Info: [44835]: Total CPU time for compilation: 0.0 secs.
# Info: [44513]: Overall running time for compilation: 1.0 secs.
# Info: [654]: Current working directory: /tp/xph3app/xph3app605/Prj_Sys/Simon_Base_64_128/SYNT_PRE_2014/synth_new_version_impl_1.
# Info: [15329]: Doing rtl optimizations.
# Info: [657]: Finished compiling design.
compile
# COMMAND: synthesize
# Info: [654]: Current working directory: /tp/xph3app/xph3app605/Prj_Sys/Simon_Base_64_128/SYNT_PRE_2014/synth_new_version_impl_1.
# Info: [4556]: 1 Instances are flattened in hierarchical block .work.top.rtl_top.
# Info: [15002]: Optimizing design view:.work.round.rtl_round
# Info: [15002]: Optimizing design view:.work.top.rtl_top
# Info: [12035]: -- Running timing characterization...
# Info: [8045]: Added global buffer BUFGP for Port port:clk
# Info: ***********************************************
# Info: Device Utilization for 3S200ft256
# Info: ***************************************************************
# Info: Resource                          Used    Avail   Utilization
# Info: ---------------------------------------------------------------
# Info: IOs                               260     173     150.29%
# Info: Global Buffers                    1       8        12.50%
# Info: LUTs                              723     3840     18.83%
# Info: CLB Slices                        362     1920     18.85%
# Info: Dffs or Latches                   198     4359      4.54%
# Info: Block RAMs                        0       12        0.00%
# Info: Block Multipliers                 0       12        0.00%
# Info: Block Multiplier Dffs             0       432       0.00%
# Info: ---------------------------------------------------------------
# Warning: This design does not fit in the device specified!
# Info: Recommending to try an alternate device 3S400fg456
# Info: ***********************************************
# Info: [12045]: Starting timing reports generation...
# Info: [12046]: Timing reports generation done.
# Info: [12047]: POST-SYNTHESIS TIMING REPORTS ARE ESTIMATES AND SHOULD NOT BE RELIED ON TO MAKE QoR DECISIONS. For accurate timing information, please run place-and-route (P&R) and review P&R generated timing reports.
# Info: [3027]: Writing file: /tp/xph3app/xph3app605/Prj_Sys/Simon_Base_64_128/SYNT_PRE_2014/synth_new_version_impl_1/Simon.edf.
# Info: [3027]: Writing file: /tp/xph3app/xph3app605/Prj_Sys/Simon_Base_64_128/SYNT_PRE_2014/synth_new_version_impl_1/Simon.vhd.
# Info: [657]: Finished synthesizing design.
# Info: [11019]: Total CPU time for synthesis: 5.2 s secs.
# Info: [11020]: Overall running time for synthesis: 5.6 s secs.
synthesize
# COMMAND: exit -force
# Warning: [9526]: Discarded unsaved work in implementation synth_new_version_impl_1.
